<?xml version="1.0" encoding="UTF-8"?>
<!-- Generated by org.testng.reporters.JUnitReportReporter -->
<testsuite hostname="DESKTOP-7R2IF11" failures="0" tests="1" name="testNG.Programs" time="0.023" errors="0" timestamp="2022-10-29T16:37:12 IST" skipped="0">
  <testcase classname="testNG.Programs" name="m1" time="0.023"/>
  <system-out>
    <![CDATA[hello gm]]>
  </system-out>
</testsuite> <!-- testNG.Programs -->
