<?xml version="1.0" encoding="UTF-8"?>
<!-- Generated by org.testng.reporters.JUnitReportReporter -->
<testsuite hostname="DESKTOP-7R2IF11" failures="0" tests="3" name="testNG_BatchExecution.C" time="0.024" errors="0" timestamp="2022-11-01T22:51:14 IST" skipped="0">
  <testcase classname="testNG_BatchExecution.C" name="TC7" time="0.018"/>
  <system-out>
    <![CDATA[I am TC 7]]>
  </system-out>
  <testcase classname="testNG_BatchExecution.C" name="TC8" time="0.003"/>
  <system-out>
    <![CDATA[i am TC8]]>
  </system-out>
  <testcase classname="testNG_BatchExecution.C" name="TC9" time="0.003"/>
  <system-out>
    <![CDATA[I am TC 9]]>
  </system-out>
</testsuite> <!-- testNG_BatchExecution.C -->
