<?xml version="1.0" encoding="UTF-8"?>
<!-- Generated by org.testng.reporters.JUnitReportReporter -->
<testsuite hostname="DESKTOP-7R2IF11" failures="0" tests="1" name="parallelExecution.Parallel3" time="20.682" errors="0" timestamp="2022-11-04T13:24:48 IST" skipped="0">
  <testcase classname="parallelExecution.Parallel3" name="TC1" time="20.682"/>
  <system-out/>
</testsuite> <!-- parallelExecution.Parallel3 -->
