<?xml version="1.0" encoding="UTF-8"?>
<!-- Generated by org.testng.reporters.JUnitReportReporter -->
<testsuite hostname="DESKTOP-7R2IF11" failures="0" tests="3" name="testNG_BatchExecution.A" time="0.017" errors="0" timestamp="2022-11-01T22:51:14 IST" skipped="1">
  <testcase classname="testNG_BatchExecution.A" name="TC2" time="0.005"/>
  <system-out>
    <![CDATA[i am TC2]]>
  </system-out>
  <testcase classname="testNG_BatchExecution.A" name="TC3" time="0.012"/>
  <system-out>
    <![CDATA[I am TC 3]]>
  </system-out>
  <testcase classname="testNG_BatchExecution.A" name="TC1">
    <skipped/>
  </testcase> <!-- TC1 -->
  <system-out/>
</testsuite> <!-- testNG_BatchExecution.A -->
