<?xml version="1.0" encoding="UTF-8"?>
<!-- Generated by org.testng.reporters.JUnitReportReporter -->
<testsuite hostname="DESKTOP-7R2IF11" failures="0" tests="1" name="testNG.program2" time="0.017" errors="0" timestamp="2022-10-29T16:43:53 IST" skipped="0">
  <testcase classname="testNG.program2" name="main" time="0.017"/>
  <system-out>
    <![CDATA[GE]]>
  </system-out>
</testsuite> <!-- testNG.program2 -->
