<?xml version="1.0" encoding="UTF-8"?>
<!-- Generated by org.testng.reporters.JUnitReportReporter -->
<testsuite hostname="DESKTOP-7R2IF11" failures="0" tests="1" name="parallelExecution.Parallel2" time="26.760" errors="0" timestamp="2022-11-04T12:23:40 IST" skipped="0">
  <testcase classname="parallelExecution.Parallel2" name="TC1" time="26.760"/>
  <system-out/>
</testsuite> <!-- parallelExecution.Parallel2 -->
