<?xml version="1.0" encoding="UTF-8"?>
<!-- Generated by org.testng.reporters.JUnitReportReporter -->
<testsuite hostname="DESKTOP-7R2IF11" failures="0" tests="1" name="testNGparallelExecution.parallel2" time="19.983" errors="0" timestamp="2022-11-03T20:53:50 IST" skipped="0">
  <testcase classname="testNGparallelExecution.parallel2" name="TC1" time="19.983"/>
  <system-out/>
</testsuite> <!-- testNGparallelExecution.parallel2 -->
