<?xml version="1.0" encoding="UTF-8"?>
<!-- Generated by org.testng.reporters.JUnitReportReporter -->
<testsuite hostname="DESKTOP-7R2IF11" failures="0" tests="1" name="testNGkeywordORflag.Timeouts" time="0.068" errors="0" timestamp="2022-10-31T16:30:14 IST" skipped="0">
  <testcase classname="testNGkeywordORflag.Timeouts" name="TC1" time="0.068"/>
  <system-out>
    <![CDATA[TC 1 rinning]]>
  </system-out>
</testsuite> <!-- testNGkeywordORflag.Timeouts -->
