<?xml version="1.0" encoding="UTF-8"?>
<!-- Generated by org.testng.reporters.JUnitReportReporter -->
<testsuite hostname="DESKTOP-7R2IF11" failures="0" tests="3" name="testNGprogram.EmailableReportGenerateKarane" time="0.033" errors="0" timestamp="2022-10-30T14:23:51 IST" skipped="0">
  <testcase classname="testNGprogram.EmailableReportGenerateKarane" name="TC2" time="0.003"/>
  <system-out>
    <![CDATA[TC2 running]]>
  </system-out>
  <testcase classname="testNGprogram.EmailableReportGenerateKarane" name="TC1" time="0.022"/>
  <system-out>
    <![CDATA[tc1 running]]>
  </system-out>
  <testcase classname="testNGprogram.EmailableReportGenerateKarane" name="tc3" time="0.008"/>
  <system-out>
    <![CDATA[TC3 running]]>
  </system-out>
</testsuite> <!-- testNGprogram.EmailableReportGenerateKarane -->
