<?xml version="1.0" encoding="UTF-8"?>
<!-- Generated by org.testng.reporters.JUnitReportReporter -->
<testsuite hostname="DESKTOP-7R2IF11" failures="0" tests="1" name="parallelExecution.Parallel1" time="32.232" errors="0" timestamp="2022-11-04T20:35:19 IST" skipped="0">
  <testcase classname="parallelExecution.Parallel1" name="TC" time="32.232"/>
  <system-out/>
</testsuite> <!-- parallelExecution.Parallel1 -->
