<?xml version="1.0" encoding="UTF-8"?>
<!-- Generated by org.testng.reporters.JUnitReportReporter -->
<testsuite hostname="DESKTOP-7R2IF11" failures="0" tests="3" name="testNGkeywordORflag.Priority" time="0.026" errors="0" timestamp="2022-10-31T13:59:19 IST" skipped="0">
  <testcase classname="testNGkeywordORflag.Priority" name="TC3" time="0.017"/>
  <system-out>
    <![CDATA[running TC3]]>
  </system-out>
  <testcase classname="testNGkeywordORflag.Priority" name="TC1" time="0.004"/>
  <system-out>
    <![CDATA[Running TC1]]>
  </system-out>
  <testcase classname="testNGkeywordORflag.Priority" name="TC2" time="0.005"/>
  <system-out>
    <![CDATA[Running TC 2]]>
  </system-out>
</testsuite> <!-- testNGkeywordORflag.Priority -->
