<?xml version="1.0" encoding="UTF-8"?>
<!-- Generated by org.testng.reporters.JUnitReportReporter -->
<testsuite hostname="DESKTOP-7R2IF11" failures="0" tests="1" name="testNGprogram.AnnotationsClass" time="0.008" errors="0" timestamp="2022-10-31T13:02:50 IST" skipped="0">
  <testcase classname="testNGprogram.AnnotationsClass" name="varifyID" time="0.008"/>
  <system-out>
    <![CDATA[VarifyUserID]]>
  </system-out>
</testsuite> <!-- testNGprogram.AnnotationsClass -->
