<?xml version="1.0" encoding="UTF-8"?>
<!-- Generated by org.testng.reporters.JUnitReportReporter -->
<testsuite hostname="DESKTOP-7R2IF11" failures="0" tests="1" name="testNG_parallelExecution.Parallel2" time="117.170" errors="0" timestamp="2022-11-05T15:03:10 IST" skipped="0">
  <testcase classname="testNG_parallelExecution.Parallel2" name="TC1" time="117.170"/>
  <system-out/>
</testsuite> <!-- testNG_parallelExecution.Parallel2 -->
