<?xml version="1.0" encoding="UTF-8"?>
<!-- Generated by org.testng.reporters.JUnitReportReporter -->
<testsuite hostname="DESKTOP-7R2IF11" failures="0" tests="2" name="testNGkeywordORflag.Enabled" time="0.016" errors="0" timestamp="2022-10-31T23:14:41 IST" skipped="1">
  <testcase classname="testNGkeywordORflag.Enabled" name="tc2" time="0.016"/>
  <system-out>
    <![CDATA[Runnig TC 2]]>
  </system-out>
  <testcase classname="testNGkeywordORflag.Enabled" name="TC1">
    <skipped/>
  </testcase> <!-- TC1 -->
  <system-out/>
</testsuite> <!-- testNGkeywordORflag.Enabled -->
